<?xml version="1.0" encoding="UTF-8"?>
<robot generator="Robot 6.0.2 (Python 3.10.10 on win32)" generated="20230416 12:42:55.922" rpa="false" schemaversion="3">
<suite id="s1" name="ROBOT FRAMEWORK" source="C:\Users\admin\Desktop\ROBOT FRAMEWORK">
<suite id="s1-s1" name="Test cases" source="C:\Users\admin\Desktop\ROBOT FRAMEWORK\Test cases">
<suite id="s1-s1-s1" name="Testcase" source="C:\Users\admin\Desktop\ROBOT FRAMEWORK\Test cases\Testcase.robot">
<test id="s1-s1-s1-t1" name="opening google" line="6">
<kw name="open browser window" library="Keywords">
<kw name="Open Browser" library="SeleniumLibrary">
<arg>${url1}</arg>
<arg>${Browser}</arg>
<doc>Opens a new browser instance to the optional ``url``.</doc>
<msg timestamp="20230416 12:42:56.351" level="INFO">Opening browser 'gc' to base url 'https://opensource-demo.orangehrmlive.com/web/index.php/auth/login'.</msg>
<status status="PASS" starttime="20230416 12:42:56.349" endtime="20230416 12:43:01.369"/>
</kw>
<kw name="Maximize Browser Window" library="SeleniumLibrary">
<doc>Maximizes current browser window.</doc>
<status status="PASS" starttime="20230416 12:43:01.370" endtime="20230416 12:43:01.499"/>
</kw>
<status status="PASS" starttime="20230416 12:42:56.348" endtime="20230416 12:43:01.500"/>
</kw>
<kw name="Verify login tittle" library="Keywords">
<kw name="Wait Until Page Contains Element" library="SeleniumLibrary">
<arg>${logintittle}</arg>
<doc>Waits until the element ``locator`` appears on the current page.</doc>
<status status="PASS" starttime="20230416 12:43:01.504" endtime="20230416 12:43:01.992"/>
</kw>
<kw name="Log To Console" library="BuiltIn">
<arg>tittle is present</arg>
<doc>Logs the given message to the console.</doc>
<status status="PASS" starttime="20230416 12:43:01.993" endtime="20230416 12:43:01.994"/>
</kw>
<kw name="Wait Until Page Contains Element" library="SeleniumLibrary">
<arg>${usernamefield}</arg>
<arg>10s</arg>
<doc>Waits until the element ``locator`` appears on the current page.</doc>
<status status="PASS" starttime="20230416 12:43:01.994" endtime="20230416 12:43:02.009"/>
</kw>
<kw name="Wait Until Page Contains Element" library="SeleniumLibrary">
<arg>${passwordfield}</arg>
<arg>5s</arg>
<doc>Waits until the element ``locator`` appears on the current page.</doc>
<status status="PASS" starttime="20230416 12:43:02.009" endtime="20230416 12:43:02.026"/>
</kw>
<kw name="Log To Console" library="BuiltIn">
<arg>Both the fields are present</arg>
<doc>Logs the given message to the console.</doc>
<status status="PASS" starttime="20230416 12:43:02.026" endtime="20230416 12:43:02.027"/>
</kw>
<status status="PASS" starttime="20230416 12:43:01.502" endtime="20230416 12:43:02.027"/>
</kw>
<kw name="Input username &amp; password" library="Keywords">
<kw name="Click Element" library="SeleniumLibrary">
<arg>${usernamefield}</arg>
<doc>Click the element identified by ``locator``.</doc>
<msg timestamp="20230416 12:43:02.029" level="INFO">Clicking element 'xpath = //*[@name='username']'.</msg>
<status status="PASS" starttime="20230416 12:43:02.029" endtime="20230416 12:43:02.094"/>
</kw>
<kw name="Input Text" library="SeleniumLibrary">
<arg>${usernamefield}</arg>
<arg>${username}</arg>
<arg>5s</arg>
<doc>Types the given ``text`` into the text field identified by ``locator``.</doc>
<msg timestamp="20230416 12:43:02.096" level="INFO">Typing text 'Admin' into text field 'xpath = //*[@name='username']'.</msg>
<status status="PASS" starttime="20230416 12:43:02.094" endtime="20230416 12:43:02.185"/>
</kw>
<kw name="Log To Console" library="BuiltIn">
<arg>Enter the username</arg>
<doc>Logs the given message to the console.</doc>
<status status="PASS" starttime="20230416 12:43:02.185" endtime="20230416 12:43:02.186"/>
</kw>
<kw name="Click Element" library="SeleniumLibrary">
<arg>${passwordfield}</arg>
<doc>Click the element identified by ``locator``.</doc>
<msg timestamp="20230416 12:43:02.188" level="INFO">Clicking element 'xpath = //*[@name='password']'.</msg>
<status status="PASS" starttime="20230416 12:43:02.187" endtime="20230416 12:43:02.265"/>
</kw>
<kw name="Input Password" library="SeleniumLibrary">
<arg>${passwordfield}</arg>
<arg>${password}</arg>
<arg>5s</arg>
<doc>Types the given password into the text field identified by ``locator``.</doc>
<msg timestamp="20230416 12:43:02.268" level="INFO">Typing password into text field 'xpath = //*[@name='password']'.</msg>
<msg timestamp="20230416 12:43:02.341" level="INFO">Temporally setting log level to: NONE</msg>
<msg timestamp="20230416 12:43:02.389" level="INFO">Log level changed from NONE to INFO.</msg>
<status status="PASS" starttime="20230416 12:43:02.265" endtime="20230416 12:43:02.390"/>
</kw>
<kw name="Log To Console" library="BuiltIn">
<arg>Enter the password</arg>
<doc>Logs the given message to the console.</doc>
<status status="PASS" starttime="20230416 12:43:02.390" endtime="20230416 12:43:02.393"/>
</kw>
<kw name="Click Element" library="SeleniumLibrary">
<arg>${loginbutton}</arg>
<doc>Click the element identified by ``locator``.</doc>
<msg timestamp="20230416 12:43:02.396" level="INFO">Clicking element 'xpath = //*[@type='submit']'.</msg>
<status status="PASS" starttime="20230416 12:43:02.394" endtime="20230416 12:43:03.944"/>
</kw>
<kw name="Log To Console" library="BuiltIn">
<arg>we logged in successfully</arg>
<doc>Logs the given message to the console.</doc>
<status status="PASS" starttime="20230416 12:43:03.945" endtime="20230416 12:43:03.947"/>
</kw>
<status status="PASS" starttime="20230416 12:43:02.028" endtime="20230416 12:43:03.948"/>
</kw>
<status status="PASS" starttime="20230416 12:42:56.346" endtime="20230416 12:43:03.950"/>
</test>
<status status="PASS" starttime="20230416 12:42:55.987" endtime="20230416 12:43:03.959"/>
</suite>
<status status="PASS" starttime="20230416 12:42:55.978" endtime="20230416 12:43:03.968"/>
</suite>
<status status="PASS" starttime="20230416 12:42:55.929" endtime="20230416 12:43:03.978"/>
</suite>
<statistics>
<total>
<stat pass="1" fail="0" skip="0">All Tests</stat>
</total>
<tag>
</tag>
<suite>
<stat pass="1" fail="0" skip="0" id="s1" name="ROBOT FRAMEWORK">ROBOT FRAMEWORK</stat>
<stat pass="1" fail="0" skip="0" id="s1-s1" name="Test cases">ROBOT FRAMEWORK.Test cases</stat>
<stat pass="1" fail="0" skip="0" id="s1-s1-s1" name="Testcase">ROBOT FRAMEWORK.Test cases.Testcase</stat>
</suite>
</statistics>
<errors>
</errors>
</robot>
